(THU.CST) os is loading ...

Special kernel symbols:
  entry  0x00100000 (phys)
  etext  0x00103431 (phys)
  edata  0x0010ea16 (phys)
  end    0x0010fd20 (phys)
Kernel executable memory footprint: 64KB
ebp:0x00007b08 eip:0x0010099f 
    kern/debug/kdebug.c:0: print_stackframe+15
ebp:0x00007b18 eip:0x00100cb8  0x00000000 0x00000000 0x00000000
    kern/debug/kmonitor.c:126: mon_backtrace+11
ebp:0x00007b38 eip:0x00100092  0x00000000 0x00007b60 0xffff0000 0x00007b64
    kern/init/init.c:51: grade_backtrace2+34
ebp:0x00007b58 eip:0x001000bb  0x00000000 0xffff0000
    kern/init/init.c:56: grade_backtrace1+39
ebp:0x00007b78 eip:0x001000d9  0x00000000 0x00100000 0xffff0000
    kern/init/init.c:61: grade_backtrace0+24
ebp:0x00007b98 eip:0x001000fe 
    kern/init/init.c:66: grade_backtrace+35
ebp:0x00007bc8 eip:0x00100055 
    kern/init/init.c:32: kern_init+85
ebp:0x00007bf8 eip:0x00007d68 
    <unknow>: -- 0x00007d68 --
++ setup timer interrupts
100 ticks
End of Test.
kernel panic at kern/trap/trap.c:18:
    EOT: kernel seems ok.
Welcome to the kernel debug monitor!!
Type 'help' for a list of commands.
